<?xml version="1.0" encoding="UTF-8"?>
<testsuite xmlns:xsi="http://www.w3.org/2001/XMLSchema-instance" xsi:noNamespaceSchemaLocation="https://maven.apache.org/surefire/maven-surefire-plugin/xsd/surefire-test-report.xsd" name="tn.esprit.spring.EmployeTest" time="8.844" tests="10" errors="0" skipped="0" failures="0">
  <properties>
[...]
</properties>
  <testcase name="AjouterContrat" classname="tn.esprit.spring.EmployeTest" time="0.29"/>
  <testcase name="DeleteEmploye" classname="tn.esprit.spring.EmployeTest" time="0.134"/>
  <testcase name="affecterContratAEmploye" classname="tn.esprit.spring.EmployeTest" time="0.062"/>
  <testcase name="DesaffecterEmployeDuDepartement" classname="tn.esprit.spring.EmployeTest" time="0.066"/>
  <testcase name="DeleteAllContrat" classname="tn.esprit.spring.EmployeTest" time="0.047"/>
  <testcase name="affecterEmployeADepartement" classname="tn.esprit.spring.EmployeTest" time="0.024"/>
  <testcase name="getSalaireByEmployeIdJPQL" classname="tn.esprit.spring.EmployeTest" time="0.068"/>
  <testcase name="ajoutEmploye" classname="tn.esprit.spring.EmployeTest" time="0.012"/>
  <testcase name="DeleteContrat" classname="tn.esprit.spring.EmployeTest" time="0.032"/>
  <testcase name="getNombreEmploye" classname="tn.esprit.spring.EmployeTest" time="0.013"/>
</testsuite>